<?xml version="1.0" encoding="UTF-8"?>
<!-- Generated by org.testng.reporters.JUnitReportReporter -->
<testsuite hostname="DESKTOP-3UN9N4A" failures="0" tests="1" name="GetAPIRequest" time="3.046" errors="0" timestamp="2024-01-11T03:31:41 IST" skipped="0">
  <testcase classname="GetAPIRequest" name="get" time="3.046"/>
</testsuite> <!-- GetAPIRequest -->
