<?xml version="1.0" encoding="UTF-8"?>
<!-- Generated by org.testng.reporters.JUnitReportReporter -->
<testsuite hostname="DESKTOP-3UN9N4A" failures="0" tests="1" name="PostAPIRequest" time="3.271" errors="0" timestamp="2024-01-11T03:33:38 IST" skipped="0">
  <testcase classname="PostAPIRequest" name="post" time="3.271"/>
</testsuite> <!-- PostAPIRequest -->
